<?xml version="1.0" encoding="UTF-8"?>
<testng-results skipped="0" failed="0" total="1" passed="1">
  <reporter-output>
  </reporter-output>
  <suite name="Default suite" duration-ms="73" started-at="2014-06-20T17:54:50Z" finished-at="2014-06-20T17:54:50Z">
    <groups>
    </groups>
    <test name="Default test" duration-ms="73" started-at="2014-06-20T17:54:50Z" finished-at="2014-06-20T17:54:50Z">
      <class name="test.BigNumbersTest">
        <test-method status="PASS" signature="TestSumBigNumbers()[pri:0, instance:test.BigNumbersTest@133adc]" name="TestSumBigNumbers" duration-ms="33" started-at="2014-06-20T20:54:50Z" finished-at="2014-06-20T20:54:50Z">
          <reporter-output>
          </reporter-output>
        </test-method> <!-- TestSumBigNumbers -->
      </class> <!-- test.BigNumbersTest -->
    </test> <!-- Default test -->
  </suite> <!-- Default suite -->
</testng-results>
