<?xml version="1.0" encoding="UTF-8"?>
<!-- Generated by org.testng.reporters.JUnitXMLReporter -->
<testsuite hostname="Admin-PC" name="Default test" tests="2" failures="0" timestamp="28 Jun 2014 12:06:27 GMT" time="0.119" errors="0">
  <testcase name="testGetSumOfArray" time="0.056" classname="com.sirma.itt.javacourse.methodsarray.MethodsArrayTest"/>
  <testcase name="testgetMinElementOfArray" time="0.006" classname="com.sirma.itt.javacourse.methodsarray.MethodsArrayTest"/>
</testsuite> <!-- Default test -->
