<?xml version="1.0" encoding="UTF-8"?>
<testng-results skipped="0" failed="0" total="1" passed="1">
  <reporter-output>
  </reporter-output>
  <suite name="Default suite" duration-ms="455" started-at="2014-06-20T15:38:15Z" finished-at="2014-06-20T15:38:16Z">
    <groups>
    </groups>
    <test name="Default test" duration-ms="455" started-at="2014-06-20T15:38:15Z" finished-at="2014-06-20T15:38:16Z">
      <class name="test.ArrayReversTest">
        <test-method status="PASS" signature="f()[pri:0, instance:test.ArrayReversTest@1fcd12c]" name="f" duration-ms="343" started-at="2014-06-20T18:38:16Z" finished-at="2014-06-20T18:38:16Z">
          <reporter-output>
          </reporter-output>
        </test-method> <!-- f -->
      </class> <!-- test.ArrayReversTest -->
    </test> <!-- Default test -->
  </suite> <!-- Default suite -->
</testng-results>
