<?xml version="1.0" encoding="UTF-8"?>
<testng-results skipped="0" failed="0" total="1" passed="1">
  <reporter-output>
  </reporter-output>
  <suite name="Default suite" duration-ms="165" started-at="2014-06-30T16:10:30Z" finished-at="2014-06-30T16:10:30Z">
    <groups>
    </groups>
    <test name="Default test" duration-ms="165" started-at="2014-06-30T16:10:30Z" finished-at="2014-06-30T16:10:30Z">
      <class name="com.sirma.itt.javacourse.ArrayRevTest">
        <test-method status="PASS" signature="testReverse()[pri:0, instance:com.sirma.itt.javacourse.ArrayRevTest@133adc]" name="testReverse" duration-ms="53" started-at="2014-06-30T19:10:30Z" finished-at="2014-06-30T19:10:30Z">
          <reporter-output>
          </reporter-output>
        </test-method> <!-- testReverse -->
      </class> <!-- com.sirma.itt.javacourse.ArrayRevTest -->
    </test> <!-- Default test -->
  </suite> <!-- Default suite -->
</testng-results>
