<?xml version="1.0" encoding="UTF-8"?>
<testng-results skipped="0" failed="0" total="2" passed="2">
  <reporter-output>
  </reporter-output>
  <suite name="Default suite" duration-ms="119" started-at="2014-06-28T12:06:27Z" finished-at="2014-06-28T12:06:27Z">
    <groups>
    </groups>
    <test name="Default test" duration-ms="119" started-at="2014-06-28T12:06:27Z" finished-at="2014-06-28T12:06:27Z">
      <class name="com.sirma.itt.javacourse.methodsarray.MethodsArrayTest">
        <test-method status="PASS" signature="testGetSumOfArray()[pri:0, instance:com.sirma.itt.javacourse.methodsarray.MethodsArrayTest@133adc]" name="testGetSumOfArray" duration-ms="56" started-at="2014-06-28T15:06:27Z" finished-at="2014-06-28T15:06:27Z">
          <reporter-output>
          </reporter-output>
        </test-method> <!-- testGetSumOfArray -->
        <test-method status="PASS" signature="testgetMinElementOfArray()[pri:0, instance:com.sirma.itt.javacourse.methodsarray.MethodsArrayTest@133adc]" name="testgetMinElementOfArray" duration-ms="6" started-at="2014-06-28T15:06:27Z" finished-at="2014-06-28T15:06:27Z">
          <reporter-output>
          </reporter-output>
        </test-method> <!-- testgetMinElementOfArray -->
      </class> <!-- com.sirma.itt.javacourse.methodsarray.MethodsArrayTest -->
    </test> <!-- Default test -->
  </suite> <!-- Default suite -->
</testng-results>
